# JRE version: OpenJDK Runtime Environment (21.0.6) (build 21.0.6+-13391695-b895.109)
# Java VM: OpenJDK 64-Bit Server VM (21.0.6+-13391695-b895.109, mixed mode, tiered, compressed oops, compressed class ptrs, g1 gc, windows-amd64)
GC Precious Log:
 CardTable entry size: 512
 Card Set container configuration: InlinePtr #cards 5 size 8 Array Of Cards #cards 12 size 40 Howl #buckets 4 coarsen threshold 1843 Howl Bitmap #cards 512 size 80 coarsen threshold 460 Card regions per heap region 1 cards per card region 2048
 CPUs: 8 total, 8 available
 Memory: 8022M
 Large Page Support: Disabled
 NUMA Support: Disabled
 Compressed Oops: Enabled (32-bit)
 Heap Region Size: 1M
 Heap Min Capacity: 8M
 Heap Initial Capacity: 126M
 Heap Max Capacity: 2006M
 Pre-touch: Disabled
 Parallel Workers: 8
 Concurrent Workers: 2
 Concurrent Refinement Workers: 8
 Periodic GC: Disabled
Heap:
 garbage-first heap   total 56320K, used 33476K [0x0000000082a00000, 0x0000000100000000)
  region size 1024K, 2 young (2048K), 1 survivors (1024K)
 Metaspace       used 49846K, committed 50176K, reserved 1114112K
  class space    used 5735K, committed 5888K, reserved 1048576K
GC Heap History (20 events):
Event: 10.799 GC heap before
{Heap before GC invocations=7 (full 0):
 garbage-first heap   total 33792K, used 16046K [0x0000000082a00000, 0x0000000100000000)
  region size 1024K, 3 young (3072K), 1 survivors (1024K)
 Metaspace       used 35780K, committed 35968K, reserved 1114112K
  class space    used 4243K, committed 4352K, reserved 1048576K
}
Event: 10.804 GC heap after
{Heap after GC invocations=8 (full 0):
 garbage-first heap   total 33792K, used 14763K [0x0000000082a00000, 0x0000000100000000)
  region size 1024K, 1 young (1024K), 1 survivors (1024K)
 Metaspace       used 35780K, committed 35968K, reserved 1114112K
  class space    used 4243K, committed 4352K, reserved 1048576K
}
Event: 12.997 GC heap before
{Heap before GC invocations=9 (full 0):
 garbage-first heap   total 33792K, used 29099K [0x0000000082a00000, 0x0000000100000000)
  region size 1024K, 15 young (15360K), 1 survivors (1024K)
 Metaspace       used 39012K, committed 39296K, reserved 1114112K
  class space    used 4576K, committed 4736K, reserved 1048576K
}
Event: 13.007 GC heap after
{Heap after GC invocations=10 (full 0):
 garbage-first heap   total 33792K, used 16470K [0x0000000082a00000, 0x0000000100000000)
  region size 1024K, 2 young (2048K), 2 survivors (2048K)
 Metaspace       used 39012K, committed 39296K, reserved 1114112K
  class space    used 4576K, committed 4736K, reserved 1048576K
}
Event: 13.594 GC heap before
{Heap before GC invocations=10 (full 0):
 garbage-first heap   total 33792K, used 26710K [0x0000000082a00000, 0x0000000100000000)
  region size 1024K, 13 young (13312K), 2 survivors (2048K)
 Metaspace       used 41781K, committed 42048K, reserved 1114112K
  class space    used 4873K, committed 4992K, reserved 1048576K
}
Event: 13.606 GC heap after
{Heap after GC invocations=11 (full 0):
 garbage-first heap   total 33792K, used 17018K [0x0000000082a00000, 0x0000000100000000)
  region size 1024K, 1 young (1024K), 1 survivors (1024K)
 Metaspace       used 41781K, committed 42048K, reserved 1114112K
  class space    used 4873K, committed 4992K, reserved 1048576K
}
Event: 15.329 GC heap before
{Heap before GC invocations=11 (full 0):
 garbage-first heap   total 33792K, used 28282K [0x0000000082a00000, 0x0000000100000000)
  region size 1024K, 13 young (13312K), 1 survivors (1024K)
 Metaspace       used 44313K, committed 44608K, reserved 1114112K
  class space    used 5141K, committed 5248K, reserved 1048576K
}
Event: 15.337 GC heap after
{Heap after GC invocations=12 (full 0):
 garbage-first heap   total 33792K, used 17946K [0x0000000082a00000, 0x0000000100000000)
  region size 1024K, 2 young (2048K), 2 survivors (2048K)
 Metaspace       used 44313K, committed 44608K, reserved 1114112K
  class space    used 5141K, committed 5248K, reserved 1048576K
}
Event: 16.510 GC heap before
{Heap before GC invocations=13 (full 0):
 garbage-first heap   total 33792K, used 27162K [0x0000000082a00000, 0x0000000100000000)
  region size 1024K, 12 young (12288K), 2 survivors (2048K)
 Metaspace       used 46013K, committed 46336K, reserved 1114112K
  class space    used 5305K, committed 5440K, reserved 1048576K
}
Event: 16.527 GC heap after
{Heap after GC invocations=14 (full 0):
 garbage-first heap   total 33792K, used 19939K [0x0000000082a00000, 0x0000000100000000)
  region size 1024K, 2 young (2048K), 2 survivors (2048K)
 Metaspace       used 46013K, committed 46336K, reserved 1114112K
  class space    used 5305K, committed 5440K, reserved 1048576K
}
Event: 16.663 GC heap before
{Heap before GC invocations=14 (full 0):
 garbage-first heap   total 33792K, used 28131K [0x0000000082a00000, 0x0000000100000000)
  region size 1024K, 10 young (10240K), 2 survivors (2048K)
 Metaspace       used 46044K, committed 46336K, reserved 1114112K
  class space    used 5306K, committed 5440K, reserved 1048576K
}
Event: 16.687 GC heap after
{Heap after GC invocations=15 (full 0):
 garbage-first heap   total 43008K, used 23804K [0x0000000082a00000, 0x0000000100000000)
  region size 1024K, 2 young (2048K), 2 survivors (2048K)
 Metaspace       used 46044K, committed 46336K, reserved 1114112K
  class space    used 5306K, committed 5440K, reserved 1048576K
}
Event: 17.232 GC heap before
{Heap before GC invocations=15 (full 0):
 garbage-first heap   total 43008K, used 35068K [0x0000000082a00000, 0x0000000100000000)
  region size 1024K, 14 young (14336K), 2 survivors (2048K)
 Metaspace       used 46157K, committed 46464K, reserved 1114112K
  class space    used 5309K, committed 5440K, reserved 1048576K
}
Event: 17.249 GC heap after
{Heap after GC invocations=16 (full 0):
 garbage-first heap   total 43008K, used 28672K [0x0000000082a00000, 0x0000000100000000)
  region size 1024K, 2 young (2048K), 2 survivors (2048K)
 Metaspace       used 46157K, committed 46464K, reserved 1114112K
  class space    used 5309K, committed 5440K, reserved 1048576K
}
Event: 17.436 GC heap before
{Heap before GC invocations=17 (full 0):
 garbage-first heap   total 48128K, used 35840K [0x0000000082a00000, 0x0000000100000000)
  region size 1024K, 9 young (9216K), 2 survivors (2048K)
 Metaspace       used 46230K, committed 46528K, reserved 1114112K
  class space    used 5312K, committed 5440K, reserved 1048576K
}
Event: 17.449 GC heap after
{Heap after GC invocations=18 (full 0):
 garbage-first heap   total 48128K, used 31472K [0x0000000082a00000, 0x0000000100000000)
  region size 1024K, 2 young (2048K), 2 survivors (2048K)
 Metaspace       used 46230K, committed 46528K, reserved 1114112K
  class space    used 5312K, committed 5440K, reserved 1048576K
}
Event: 18.634 GC heap before
{Heap before GC invocations=18 (full 0):
 garbage-first heap   total 48128K, used 38640K [0x0000000082a00000, 0x0000000100000000)
  region size 1024K, 10 young (10240K), 2 survivors (2048K)
 Metaspace       used 47801K, committed 48128K, reserved 1114112K
  class space    used 5489K, committed 5632K, reserved 1048576K
}
Event: 18.647 GC heap after
{Heap after GC invocations=19 (full 0):
 garbage-first heap   total 48128K, used 32481K [0x0000000082a00000, 0x0000000100000000)
  region size 1024K, 2 young (2048K), 2 survivors (2048K)
 Metaspace       used 47801K, committed 48128K, reserved 1114112K
  class space    used 5489K, committed 5632K, reserved 1048576K
}
Event: 19.460 GC heap before
{Heap before GC invocations=19 (full 0):
 garbage-first heap   total 48128K, used 40673K [0x0000000082a00000, 0x0000000100000000)
  region size 1024K, 10 young (10240K), 2 survivors (2048K)
 Metaspace       used 49732K, committed 50048K, reserved 1114112K
  class space    used 5723K, committed 5888K, reserved 1048576K
}
Event: 19.470 GC heap after
{Heap after GC invocations=20 (full 0):
 garbage-first heap   total 48128K, used 33476K [0x0000000082a00000, 0x0000000100000000)
  region size 1024K, 1 young (1024K), 1 survivors (1024K)
 Metaspace       used 49732K, committed 50048K, reserved 1114112K
  class space    used 5723K, committed 5888K, reserved 1048576K
}

